{
  "RSpec": {
    "coverage": {
      "/home/astonishing-installation-4017/tic-tac-toe-rb-ruby-apply-000/lib/tic_tac_toe.rb": [
        null,
        1,
        null,
        null,
        null,
        null,
        null,
        null,
        null,
        null,
        null,
        1,
        20,
        20,
        20,
        20,
        20,
        null,
        null,
        1,
        19,
        null,
        null,
        1,
        18,
        null,
        null,
        1,
        257,
        214,
        null,
        43,
        null,
        null,
        null,
        1,
        19,
        16,
        null,
        null,
        null,
        null,
        1,
        16,
        16,
        16,
        16,
        15,
        15,
        1,
        null,
        null,
        null,
        1,
        2,
        null,
        2,
        18,
        5,
        5,
        null,
        null,
        2,
        null,
        null,
        1,
        1,
        null,
        null,
        1,
        78,
        407,
        407,
        407,
        null,
        407,
        407,
        407,
        null,
        407,
        40,
        null,
        null,
        38,
        null,
        null,
        1,
        145,
        25,
        null,
        7,
        null,
        null,
        null,
        1,
        16,
        2,
        14,
        11,
        null,
        3,
        null,
        null,
        null,
        1,
        17,
        9,
        null,
        8,
        null,
        null,
        null,
        1,
        14,
        13,
        null,
        null,
        null,
        1,
        0,
        0,
        0,
        0,
        null,
        null,
        null,
        1,
        12,
        13,
        null,
        12,
        6,
        6,
        null,
        6,
        null,
        null
      ]
    },
    "timestamp": 1600017317
  }
}
