{
  "RSpec": {
    "coverage": {
      "/home/astonishing-installation-4017/tic-tac-toe-rb-ruby-apply-000/lib/tic_tac_toe.rb": [
        null,
        1,
        null,
        null,
        null,
        null,
        null,
        null,
        null,
        null,
        null,
        1,
        5,
        5,
        5,
        5,
        5,
        null,
        null,
        1,
        13,
        null,
        null,
        1,
        3,
        null,
        null,
        1,
        158,
        126,
        null,
        32,
        null,
        null,
        null,
        1,
        13,
        10,
        null,
        null,
        null,
        null,
        1,
        10,
        10,
        10,
        10,
        9,
        0,
        1,
        null,
        null,
        null,
        1,
        2,
        null,
        2,
        18,
        5,
        5,
        null,
        null,
        2,
        null,
        null,
        1,
        1,
        null,
        null,
        1,
        49,
        252,
        252,
        252,
        null,
        252,
        252,
        252,
        null,
        252,
        29,
        null,
        null,
        20,
        null,
        null,
        1,
        106,
        14,
        null,
        7,
        null,
        null,
        null,
        1,
        11,
        2,
        9,
        6,
        null,
        3,
        null,
        null,
        null,
        1,
        11,
        7,
        null,
        4,
        null,
        null,
        null,
        1,
        10,
        9,
        null,
        null,
        null,
        null,
        1,
        12,
        7,
        null,
        5,
        3,
        3,
        null,
        2,
        null,
        null
      ]
    },
    "timestamp": 1600021537
  }
}
